[2023-06-19 15:12:01] Created course ID: MRIS_Sec_14
[2023-06-19 15:12:01] Created course ID: MRIS_Sec_14
[2023-06-19 15:12:01] Created course ID: MRIS_Sec_14
[2023-06-19 15:12:01] Created course ID: MRIS_Sec_14
[2023-06-19 15:12:01] Created course ID: MRIS_Sec_14
[2023-06-19 15:12:01] Created course ID: MRIS_Sec_14
[2023-06-19 15:12:01] Created course ID: GEMS
[2023-06-19 15:12:01] Created course ID: GEMS
[2023-06-19 15:12:02] Created course ID: GEMS
[2023-06-19 15:12:02] Created course ID: GEMS
[2023-06-19 15:12:02] Created course ID: GEMS
[2023-06-19 15:12:02] Created course ID: GEMS
[2023-06-21 12:04:34] Created course ID: MRIS_Sec_14
[2023-06-21 12:04:34] Created course ID: MRIS_Sec_14
[2023-06-21 12:04:34] Created course ID: MRIS_Sec_14
[2023-06-21 12:04:34] Created course ID: MRIS_Sec_14
[2023-06-21 12:04:34] Created course ID: MRIS_Sec_14
[2023-06-21 12:04:34] Created course ID: MRIS_Sec_14
[2023-06-21 12:04:34] Created course ID: GEMS
[2023-06-21 12:04:34] Created course ID: GEMS
[2023-06-21 12:04:34] Created course ID: GEMS
[2023-06-21 12:04:34] Created course ID: GEMS
[2023-06-21 12:04:34] Created course ID: GEMS
[2023-06-21 12:04:34] Created course ID: GEMS
[2023-06-21 12:19:17] Created course ID: Maths_Grade_8_1st_Cycle_MRIS_Sec_14
[2023-06-21 12:19:17] Created course ID: Maths_Grade_9_1st_Cycle_MRIS_Sec_14
[2023-06-21 12:19:17] Created course ID: Maths_Grade_10_1st_Cycle_MRIS_Sec_14
[2023-06-21 12:19:17] Created course ID: Science_Grade_8_1st_Cycle_MRIS_Sec_14
[2023-06-21 12:19:17] Created course ID: Science_Grade_9_1st_Cycle_MRIS_Sec_14
[2023-06-21 12:19:17] Created course ID: Science_Grade_10_1st_Cycle_MRIS_Sec_14
[2023-06-21 12:19:17] Created course ID: Maths_Grade_8_1st_Cycle_GEMS
[2023-06-21 12:19:17] Created course ID: Maths_Grade_9_1st_Cycle_GEMS
[2023-06-21 12:19:17] Created course ID: Maths_Grade_10_1st_Cycle_GEMS
[2023-06-21 12:19:17] Created course ID: Science_Grade_8_1st_Cycle_GEMS
[2023-06-21 12:19:17] Created course ID: Science_Grade_9_1st_Cycle_GEMS
[2023-06-21 12:19:17] Created course ID: Science_Grade_10_1st_Cycle_GEMS
[2023-06-24 07:07:18] Course with id 111 not found.
[2023-06-24 07:07:18] Can't find data record in database table course. in /private/var/www/work/moodle-local/moodle/lib/dml/moodle_database.php:1654
[2023-06-24 07:07:41] Course with id 111 not found.
[2023-06-24 07:07:41] Can't find data record in database table course. in /private/var/www/work/moodle-local/moodle/lib/dml/moodle_database.php:1654
[2023-06-27 00:53:07] Created course: Maths_Grade_8_1st_Cycle_MRIS_Sec_14
[2023-06-27 00:53:10] Created course: Maths_Grade_9_1st_Cycle_MRIS_Sec_14
[2023-06-27 00:53:12] Created course: Maths_Grade_10_1st_Cycle_MRIS_Sec_14
[2023-06-27 00:53:15] Created course: Science_Grade_8_1st_Cycle_MRIS_Sec_14
[2023-07-06 12:41:27] Created course: Maths_Grade_8_1st_Cycle_MRIS_Sec_14
[2023-07-06 12:41:29] Created course: Maths_Grade_9_1st_Cycle_MRIS_Sec_14
[2023-07-06 12:41:32] Created course: Maths_Grade_10_1st_Cycle_MRIS_Sec_14
[2023-07-06 12:41:35] Created course: Science_Grade_8_1st_Cycle_MRIS_Sec_14
[2023-07-06 12:41:37] Created course: Science_Grade_9_1st_Cycle_MRIS_Sec_14
[2023-07-06 12:41:40] Created course: Science_Grade_10_1st_Cycle_MRIS_Sec_14
[2023-07-06 12:41:42] Created course: Maths_Grade_8_1st_Cycle_GEMS
[2023-07-06 12:41:45] Created course: Maths_Grade_9_1st_Cycle_GEMS
[2023-07-06 12:41:47] Created course: Maths_Grade_10_1st_Cycle_GEMS
[2023-07-06 12:41:50] Created course: Science_Grade_8_1st_Cycle_GEMS
[2023-07-06 12:41:52] Created course: Science_Grade_9_1st_Cycle_GEMS
[2023-07-06 12:41:55] Created course: Science_Grade_10_1st_Cycle_GEMS
[2023-07-13 12:11:31] Created course: Maths_Grade_8_1st_Cycle_MRIS_Sec_14
[2023-07-13 12:11:33] Created course: Maths_Grade_9_1st_Cycle_MRIS_Sec_14
[2023-07-13 12:11:36] Created course: Maths_Grade_10_1st_Cycle_MRIS_Sec_14
[2023-07-13 12:11:38] Created course: Science_Grade_8_1st_Cycle_MRIS_Sec_14
[2023-07-13 12:11:41] Created course: Science_Grade_9_1st_Cycle_MRIS_Sec_14
[2023-07-13 12:11:43] Created course: Science_Grade_10_1st_Cycle_MRIS_Sec_14
[2023-07-13 12:11:46] Created course: Maths_Grade_8_1st_Cycle_GEMS
[2023-07-13 12:11:48] Created course: Maths_Grade_9_1st_Cycle_GEMS
[2023-07-13 12:11:51] Created course: Maths_Grade_10_1st_Cycle_GEMS
[2023-07-13 12:11:53] Created course: Science_Grade_8_1st_Cycle_GEMS
[2023-07-13 12:11:56] Created course: Science_Grade_9_1st_Cycle_GEMS
[2023-07-13 12:11:58] Created course: Science_Grade_10_1st_Cycle_GEMS
