[2023-06-19 15:13:31] Cohort MRIS_Sec_14_AY_2023_1st_Cycle_Grade_8_Maths_Students created successfully with ID 1
[2023-06-19 15:13:31] Cohort MRIS_Sec_14_AY_2023_1st_Cycle_Grade_8_Maths_Teachers created successfully with ID 2
[2023-06-19 15:13:31] Cohort MRIS_Sec_14_AY_2023_1st_Cycle_Grade_9_Maths_Students created successfully with ID 3
[2023-06-19 15:13:31] Cohort MRIS_Sec_14_AY_2023_1st_Cycle_Grade_9_Maths_Teachers created successfully with ID 4
[2023-06-19 15:13:31] Cohort MRIS_Sec_14_AY_2023_1st_Cycle_Grade_10_Maths_Students created successfully with ID 5
[2023-06-19 15:13:31] Cohort MRIS_Sec_14_AY_2023_1st_Cycle_Grade_10_Maths_Teachers created successfully with ID 6
[2023-06-19 15:13:31] Cohort MRIS_Sec_14_AY_2023_1st_Cycle_Grade_8_Science_Students created successfully with ID 7
[2023-06-19 15:13:31] Cohort MRIS_Sec_14_AY_2023_1st_Cycle_Grade_8_Science_Teachers created successfully with ID 8
[2023-06-19 15:13:31] Cohort MRIS_Sec_14_AY_2023_1st_Cycle_Grade_9_Science_Students created successfully with ID 9
[2023-06-19 15:13:31] Cohort MRIS_Sec_14_AY_2023_1st_Cycle_Grade_9_Science_Teachers created successfully with ID 10
[2023-06-19 15:13:31] Cohort MRIS_Sec_14_AY_2023_1st_Cycle_Grade_10_Science_Students created successfully with ID 11
[2023-06-19 15:13:31] Cohort MRIS_Sec_14_AY_2023_1st_Cycle_Grade_10_Science_Teachers created successfully with ID 12
[2023-06-19 15:13:31] Cohort GEMS_AY_2023_1st_Cycle_Grade_8_Maths_Students created successfully with ID 13
[2023-06-19 15:13:31] Cohort GEMS_AY_2023_1st_Cycle_Grade_8_Maths_Teachers created successfully with ID 14
[2023-06-19 15:13:31] Cohort GEMS_AY_2023_1st_Cycle_Grade_9_Maths_Students created successfully with ID 15
[2023-06-19 15:13:31] Cohort GEMS_AY_2023_1st_Cycle_Grade_9_Maths_Teachers created successfully with ID 16
[2023-06-19 15:13:31] Cohort GEMS_AY_2023_1st_Cycle_Grade_10_Maths_Students created successfully with ID 17
[2023-06-19 15:13:31] Cohort GEMS_AY_2023_1st_Cycle_Grade_10_Maths_Teachers created successfully with ID 18
[2023-06-19 15:13:31] Cohort GEMS_AY_2023_1st_Cycle_Grade_8_Science_Students created successfully with ID 19
[2023-06-19 15:13:31] Cohort GEMS_AY_2023_1st_Cycle_Grade_8_Science_Teachers created successfully with ID 20
[2023-06-19 15:13:31] Cohort GEMS_AY_2023_1st_Cycle_Grade_9_Science_Students created successfully with ID 21
[2023-06-19 15:13:31] Cohort GEMS_AY_2023_1st_Cycle_Grade_9_Science_Teachers created successfully with ID 22
[2023-06-19 15:13:31] Cohort GEMS_AY_2023_1st_Cycle_Grade_10_Science_Students created successfully with ID 23
[2023-06-19 15:13:31] Cohort GEMS_AY_2023_1st_Cycle_Grade_10_Science_Teachers created successfully with ID 24
[2023-06-19 15:14:49] Cohort MRIS_Sec_14_AY_2023_1st_Cycle_Grade_8_Maths_Students created successfully with ID 1
[2023-06-19 15:14:49] Cohort MRIS_Sec_14_AY_2023_1st_Cycle_Grade_8_Maths_Teachers created successfully with ID 2
[2023-06-19 15:14:49] Cohort MRIS_Sec_14_AY_2023_1st_Cycle_Grade_9_Maths_Students created successfully with ID 3
[2023-06-19 15:14:49] Cohort MRIS_Sec_14_AY_2023_1st_Cycle_Grade_9_Maths_Teachers created successfully with ID 4
[2023-06-19 15:14:49] Cohort MRIS_Sec_14_AY_2023_1st_Cycle_Grade_10_Maths_Students created successfully with ID 5
[2023-06-19 15:14:49] Cohort MRIS_Sec_14_AY_2023_1st_Cycle_Grade_10_Maths_Teachers created successfully with ID 6
[2023-06-19 15:14:49] Cohort MRIS_Sec_14_AY_2023_1st_Cycle_Grade_8_Science_Students created successfully with ID 7
[2023-06-19 15:14:49] Cohort MRIS_Sec_14_AY_2023_1st_Cycle_Grade_8_Science_Teachers created successfully with ID 8
[2023-06-19 15:14:49] Cohort MRIS_Sec_14_AY_2023_1st_Cycle_Grade_9_Science_Students created successfully with ID 9
[2023-06-19 15:14:49] Cohort MRIS_Sec_14_AY_2023_1st_Cycle_Grade_9_Science_Teachers created successfully with ID 10
[2023-06-19 15:14:49] Cohort MRIS_Sec_14_AY_2023_1st_Cycle_Grade_10_Science_Students created successfully with ID 11
[2023-06-19 15:14:49] Cohort MRIS_Sec_14_AY_2023_1st_Cycle_Grade_10_Science_Teachers created successfully with ID 12
[2023-06-19 15:14:49] Cohort GEMS_AY_2023_1st_Cycle_Grade_8_Maths_Students created successfully with ID 13
[2023-06-19 15:14:49] Cohort GEMS_AY_2023_1st_Cycle_Grade_8_Maths_Teachers created successfully with ID 14
[2023-06-19 15:14:49] Cohort GEMS_AY_2023_1st_Cycle_Grade_9_Maths_Students created successfully with ID 15
[2023-06-19 15:14:49] Cohort GEMS_AY_2023_1st_Cycle_Grade_9_Maths_Teachers created successfully with ID 16
[2023-06-19 15:14:49] Cohort GEMS_AY_2023_1st_Cycle_Grade_10_Maths_Students created successfully with ID 17
[2023-06-19 15:14:49] Cohort GEMS_AY_2023_1st_Cycle_Grade_10_Maths_Teachers created successfully with ID 18
[2023-06-19 15:14:49] Cohort GEMS_AY_2023_1st_Cycle_Grade_8_Science_Students created successfully with ID 19
[2023-06-19 15:14:49] Cohort GEMS_AY_2023_1st_Cycle_Grade_8_Science_Teachers created successfully with ID 20
[2023-06-19 15:14:49] Cohort GEMS_AY_2023_1st_Cycle_Grade_9_Science_Students created successfully with ID 21
[2023-06-19 15:14:49] Cohort GEMS_AY_2023_1st_Cycle_Grade_9_Science_Teachers created successfully with ID 22
[2023-06-19 15:14:49] Cohort GEMS_AY_2023_1st_Cycle_Grade_10_Science_Students created successfully with ID 23
[2023-06-19 15:14:49] Cohort GEMS_AY_2023_1st_Cycle_Grade_10_Science_Teachers created successfully with ID 24
[2023-06-21 13:49:49] Cohort Maths_Grade_8_1st_Cycle_MRIS_Sec_14_Students_AY_2023 created successfully with ID 1
[2023-06-21 13:49:49] Cohort Maths_Grade_8_1st_Cycle_MRIS_Sec_14_Teachers_AY_2023 created successfully with ID 2
[2023-06-21 13:49:49] Cohort Maths_Grade_9_1st_Cycle_MRIS_Sec_14_Students_AY_2023 created successfully with ID 3
[2023-06-21 13:49:49] Cohort Maths_Grade_9_1st_Cycle_MRIS_Sec_14_Teachers_AY_2023 created successfully with ID 4
[2023-06-21 13:49:49] Cohort Maths_Grade_10_1st_Cycle_MRIS_Sec_14_Students_AY_2023 created successfully with ID 5
[2023-06-21 13:49:49] Cohort Maths_Grade_10_1st_Cycle_MRIS_Sec_14_Teachers_AY_2023 created successfully with ID 6
[2023-06-21 13:49:49] Cohort Science_Grade_8_1st_Cycle_MRIS_Sec_14_Students_AY_2023 created successfully with ID 7
[2023-06-21 13:49:49] Cohort Science_Grade_8_1st_Cycle_MRIS_Sec_14_Teachers_AY_2023 created successfully with ID 8
[2023-06-21 13:49:49] Cohort Science_Grade_9_1st_Cycle_MRIS_Sec_14_Students_AY_2023 created successfully with ID 9
[2023-06-21 13:49:49] Cohort Science_Grade_9_1st_Cycle_MRIS_Sec_14_Teachers_AY_2023 created successfully with ID 10
[2023-06-21 13:49:49] Cohort Science_Grade_10_1st_Cycle_MRIS_Sec_14_Students_AY_2023 created successfully with ID 11
[2023-06-21 13:49:49] Cohort Science_Grade_10_1st_Cycle_MRIS_Sec_14_Teachers_AY_2023 created successfully with ID 12
[2023-06-21 13:49:49] Cohort Maths_Grade_8_1st_Cycle_GEMS_Students_AY_2023 created successfully with ID 13
[2023-06-21 13:49:49] Cohort Maths_Grade_8_1st_Cycle_GEMS_Teachers_AY_2023 created successfully with ID 14
[2023-06-21 13:49:49] Cohort Maths_Grade_9_1st_Cycle_GEMS_Students_AY_2023 created successfully with ID 15
[2023-06-21 13:49:49] Cohort Maths_Grade_9_1st_Cycle_GEMS_Teachers_AY_2023 created successfully with ID 16
[2023-06-21 13:49:49] Cohort Maths_Grade_10_1st_Cycle_GEMS_Students_AY_2023 created successfully with ID 17
[2023-06-21 13:49:49] Cohort Maths_Grade_10_1st_Cycle_GEMS_Teachers_AY_2023 created successfully with ID 18
[2023-06-21 13:49:49] Cohort Science_Grade_8_1st_Cycle_GEMS_Students_AY_2023 created successfully with ID 19
[2023-06-21 13:49:49] Cohort Science_Grade_8_1st_Cycle_GEMS_Teachers_AY_2023 created successfully with ID 20
[2023-06-21 13:49:49] Cohort Science_Grade_9_1st_Cycle_GEMS_Students_AY_2023 created successfully with ID 21
[2023-06-21 13:49:49] Cohort Science_Grade_9_1st_Cycle_GEMS_Teachers_AY_2023 created successfully with ID 22
[2023-06-21 13:49:49] Cohort Science_Grade_10_1st_Cycle_GEMS_Students_AY_2023 created successfully with ID 23
[2023-06-21 13:49:49] Cohort Science_Grade_10_1st_Cycle_GEMS_Teachers_AY_2023 created successfully with ID 24
[2023-06-24 07:41:08] Cohort Maths_Grade_8_1st_Cycle_MRIS_Sec_14_Students_AY_2023 created successfully with ID 1
[2023-06-24 07:41:08] Cohort Maths_Grade_8_1st_Cycle_MRIS_Sec_14_Teachers_AY_2023 created successfully with ID 2
[2023-06-24 07:41:08] Cohort Maths_Grade_9_1st_Cycle_MRIS_Sec_14_Students_AY_2023 created successfully with ID 3
[2023-06-24 07:41:08] Cohort Maths_Grade_9_1st_Cycle_MRIS_Sec_14_Teachers_AY_2023 created successfully with ID 4
[2023-06-24 07:41:08] Cohort Maths_Grade_10_1st_Cycle_MRIS_Sec_14_Students_AY_2023 created successfully with ID 5
[2023-06-24 07:41:08] Cohort Maths_Grade_10_1st_Cycle_MRIS_Sec_14_Teachers_AY_2023 created successfully with ID 6
[2023-06-24 07:41:08] Cohort Science_Grade_8_1st_Cycle_MRIS_Sec_14_Students_AY_2023 created successfully with ID 7
[2023-06-24 07:41:08] Cohort Science_Grade_8_1st_Cycle_MRIS_Sec_14_Teachers_AY_2023 created successfully with ID 8
[2023-06-24 07:41:08] Cohort Science_Grade_9_1st_Cycle_MRIS_Sec_14_Students_AY_2023 created successfully with ID 9
[2023-06-24 07:41:08] Cohort Science_Grade_9_1st_Cycle_MRIS_Sec_14_Teachers_AY_2023 created successfully with ID 10
[2023-06-24 07:41:08] Cohort Science_Grade_10_1st_Cycle_MRIS_Sec_14_Students_AY_2023 created successfully with ID 11
[2023-06-24 07:41:08] Cohort Science_Grade_10_1st_Cycle_MRIS_Sec_14_Teachers_AY_2023 created successfully with ID 12
[2023-06-24 07:41:08] Cohort Maths_Grade_8_1st_Cycle_GEMS_Students_AY_2023 created successfully with ID 13
[2023-06-24 07:41:08] Cohort Maths_Grade_8_1st_Cycle_GEMS_Teachers_AY_2023 created successfully with ID 14
[2023-06-24 07:41:08] Cohort Maths_Grade_9_1st_Cycle_GEMS_Students_AY_2023 created successfully with ID 15
[2023-06-24 07:41:08] Cohort Maths_Grade_9_1st_Cycle_GEMS_Teachers_AY_2023 created successfully with ID 16
[2023-06-24 07:41:08] Cohort Maths_Grade_10_1st_Cycle_GEMS_Students_AY_2023 created successfully with ID 17
[2023-06-24 07:41:08] Cohort Maths_Grade_10_1st_Cycle_GEMS_Teachers_AY_2023 created successfully with ID 18
[2023-06-24 07:41:08] Cohort Science_Grade_8_1st_Cycle_GEMS_Students_AY_2023 created successfully with ID 19
[2023-06-24 07:41:08] Cohort Science_Grade_8_1st_Cycle_GEMS_Teachers_AY_2023 created successfully with ID 20
[2023-06-24 07:41:08] Cohort Science_Grade_9_1st_Cycle_GEMS_Students_AY_2023 created successfully with ID 21
[2023-06-24 07:41:08] Cohort Science_Grade_9_1st_Cycle_GEMS_Teachers_AY_2023 created successfully with ID 22
[2023-06-24 07:41:08] Cohort Science_Grade_10_1st_Cycle_GEMS_Students_AY_2023 created successfully with ID 23
[2023-06-24 07:41:08] Cohort Science_Grade_10_1st_Cycle_GEMS_Teachers_AY_2023 created successfully with ID 24
[2023-07-13 12:15:08] Cohort Maths_Grade_8_1st_Cycle_MRIS_Sec_14_Students_AY_2023 created successfully with ID 1
[2023-07-13 12:15:08] Cohort Maths_Grade_8_1st_Cycle_MRIS_Sec_14_Teachers_AY_2023 created successfully with ID 2
[2023-07-13 12:15:08] Cohort Maths_Grade_9_1st_Cycle_MRIS_Sec_14_Students_AY_2023 created successfully with ID 3
[2023-07-13 12:15:08] Cohort Maths_Grade_9_1st_Cycle_MRIS_Sec_14_Teachers_AY_2023 created successfully with ID 4
[2023-07-13 12:15:08] Cohort Maths_Grade_10_1st_Cycle_MRIS_Sec_14_Students_AY_2023 created successfully with ID 5
[2023-07-13 12:15:08] Cohort Maths_Grade_10_1st_Cycle_MRIS_Sec_14_Teachers_AY_2023 created successfully with ID 6
[2023-07-13 12:15:08] Cohort Science_Grade_8_1st_Cycle_MRIS_Sec_14_Students_AY_2023 created successfully with ID 7
[2023-07-13 12:15:08] Cohort Science_Grade_8_1st_Cycle_MRIS_Sec_14_Teachers_AY_2023 created successfully with ID 8
[2023-07-13 12:15:08] Cohort Science_Grade_9_1st_Cycle_MRIS_Sec_14_Students_AY_2023 created successfully with ID 9
[2023-07-13 12:15:08] Cohort Science_Grade_9_1st_Cycle_MRIS_Sec_14_Teachers_AY_2023 created successfully with ID 10
[2023-07-13 12:15:08] Cohort Science_Grade_10_1st_Cycle_MRIS_Sec_14_Students_AY_2023 created successfully with ID 11
[2023-07-13 12:15:08] Cohort Science_Grade_10_1st_Cycle_MRIS_Sec_14_Teachers_AY_2023 created successfully with ID 12
[2023-07-13 12:15:08] Cohort Maths_Grade_8_1st_Cycle_GEMS_Students_AY_2023 created successfully with ID 13
[2023-07-13 12:15:08] Cohort Maths_Grade_8_1st_Cycle_GEMS_Teachers_AY_2023 created successfully with ID 14
[2023-07-13 12:15:08] Cohort Maths_Grade_9_1st_Cycle_GEMS_Students_AY_2023 created successfully with ID 15
[2023-07-13 12:15:08] Cohort Maths_Grade_9_1st_Cycle_GEMS_Teachers_AY_2023 created successfully with ID 16
[2023-07-13 12:15:08] Cohort Maths_Grade_10_1st_Cycle_GEMS_Students_AY_2023 created successfully with ID 17
[2023-07-13 12:15:08] Cohort Maths_Grade_10_1st_Cycle_GEMS_Teachers_AY_2023 created successfully with ID 18
[2023-07-13 12:15:08] Cohort Science_Grade_8_1st_Cycle_GEMS_Students_AY_2023 created successfully with ID 19
[2023-07-13 12:15:08] Cohort Science_Grade_8_1st_Cycle_GEMS_Teachers_AY_2023 created successfully with ID 20
[2023-07-13 12:15:08] Cohort Science_Grade_9_1st_Cycle_GEMS_Students_AY_2023 created successfully with ID 21
[2023-07-13 12:15:08] Cohort Science_Grade_9_1st_Cycle_GEMS_Teachers_AY_2023 created successfully with ID 22
[2023-07-13 12:15:08] Cohort Science_Grade_10_1st_Cycle_GEMS_Students_AY_2023 created successfully with ID 23
[2023-07-13 12:15:08] Cohort Science_Grade_10_1st_Cycle_GEMS_Teachers_AY_2023 created successfully with ID 24
