[2023-06-19 15:10:41] Category Maths created successfully with ID 222
[2023-06-19 15:10:41] Category AY_2023 created successfully with ID 223
[2023-06-19 15:10:41] Category 1st_Cycle created successfully with ID 224
[2023-06-19 15:10:41] Category Grade_8 created successfully with ID 225
[2023-06-19 15:10:41] Category Grade_9 created successfully with ID 226
[2023-06-19 15:10:41] Category Grade_10 created successfully with ID 227
[2023-06-19 15:10:41] Category Science created successfully with ID 228
[2023-06-19 15:10:41] Category AY_2023 created successfully with ID 229
[2023-06-19 15:10:41] Category 1st_Cycle created successfully with ID 230
[2023-06-19 15:10:41] Category Grade_8 created successfully with ID 231
[2023-06-19 15:10:41] Category Grade_9 created successfully with ID 232
[2023-06-19 15:10:41] Category Grade_10 created successfully with ID 233
[2023-06-21 11:57:41] Category DWB created successfully with ID 235
[2023-06-21 11:57:42] Category AY_2023 created successfully with ID 236
[2023-06-21 11:57:42] Category 1st_Cycle created successfully with ID 237
[2023-06-21 11:57:42] Category Grade_8 created successfully with ID 238
[2023-06-21 11:57:42] Category Maths created successfully with ID 239
[2023-06-21 11:57:42] Category Science created successfully with ID 240
[2023-06-21 11:57:42] Category Grade_9 created successfully with ID 241
[2023-06-21 11:57:42] Category Maths created successfully with ID 242
[2023-06-21 11:57:42] Category Science created successfully with ID 243
[2023-06-21 11:57:42] Category Grade_10 created successfully with ID 244
[2023-06-21 11:57:42] Category Maths created successfully with ID 245
[2023-06-21 11:57:42] Category Science created successfully with ID 246
[2023-06-21 11:59:13] Category DWB created successfully with ID 247
[2023-06-21 11:59:13] Category AY_2023 created successfully with ID 248
[2023-06-21 11:59:13] Category 1st_Cycle created successfully with ID 249
[2023-06-21 11:59:13] Category Grade_8 created successfully with ID 250
[2023-06-21 11:59:13] Category Maths created successfully with ID 251
[2023-06-21 11:59:13] Category Science created successfully with ID 252
[2023-06-21 11:59:13] Category Grade_9 created successfully with ID 253
[2023-06-21 11:59:13] Category Maths created successfully with ID 254
[2023-06-21 11:59:13] Category Science created successfully with ID 255
[2023-06-21 11:59:13] Category Grade_10 created successfully with ID 256
[2023-06-21 11:59:13] Category Maths created successfully with ID 257
[2023-06-21 11:59:13] Category Science created successfully with ID 258
[2023-06-21 12:13:01] Category DWB created successfully with ID 259
[2023-06-21 12:13:01] Category AY_2023 created successfully with ID 260
[2023-06-21 12:13:01] Category 1st_Cycle created successfully with ID 261
[2023-06-21 12:13:01] Category Grade_8 created successfully with ID 262
[2023-06-21 12:13:01] Category Maths created successfully with ID 263
[2023-06-21 12:13:01] Category Science created successfully with ID 264
[2023-06-21 12:13:01] Category Grade_9 created successfully with ID 265
[2023-06-21 12:13:01] Category Maths created successfully with ID 266
[2023-06-21 12:13:01] Category Science created successfully with ID 267
[2023-06-21 12:13:01] Category Grade_10 created successfully with ID 268
[2023-06-21 12:13:01] Category Maths created successfully with ID 269
[2023-06-21 12:13:01] Category Science created successfully with ID 270
[2023-06-24 07:41:08] Category DWB created successfully with ID 23
[2023-06-24 07:41:08] Category AY_2023 created successfully with ID 24
[2023-06-24 07:41:08] Category 1st_Cycle created successfully with ID 25
[2023-06-24 07:41:08] Category Grade_8 created successfully with ID 26
[2023-06-24 07:41:08] Category Maths created successfully with ID 27
[2023-06-24 07:41:08] Category Science created successfully with ID 28
[2023-06-24 07:41:08] Category Grade_9 created successfully with ID 29
[2023-06-24 07:41:08] Category Maths created successfully with ID 30
[2023-06-24 07:41:08] Category Science created successfully with ID 31
[2023-06-24 07:41:08] Category Grade_10 created successfully with ID 32
[2023-06-24 07:41:08] Category Maths created successfully with ID 33
[2023-06-24 07:41:08] Category Science created successfully with ID 34
[2023-07-06 12:37:44] Category DWB created successfully with ID 36
[2023-07-06 12:37:44] Category AY_2023 created successfully with ID 37
[2023-07-06 12:37:44] Category 1st_Cycle created successfully with ID 38
[2023-07-06 12:37:44] Category Grade_8 created successfully with ID 39
[2023-07-06 12:37:44] Category Maths created successfully with ID 40
[2023-07-06 12:37:44] Category Science created successfully with ID 41
[2023-07-06 12:37:44] Category Grade_9 created successfully with ID 42
[2023-07-06 12:37:44] Category Maths created successfully with ID 43
[2023-07-06 12:37:44] Category Science created successfully with ID 44
[2023-07-06 12:37:44] Category Grade_10 created successfully with ID 45
[2023-07-06 12:37:44] Category Maths created successfully with ID 46
[2023-07-06 12:37:44] Category Science created successfully with ID 47
[2023-07-13 12:10:12] Category DWB created successfully with ID 48
[2023-07-13 12:10:12] Category AY_2023 created successfully with ID 49
[2023-07-13 12:10:12] Category 1st_Cycle created successfully with ID 50
[2023-07-13 12:10:12] Category Grade_8 created successfully with ID 51
[2023-07-13 12:10:12] Category Maths created successfully with ID 52
[2023-07-13 12:10:12] Category Science created successfully with ID 53
[2023-07-13 12:10:12] Category Grade_9 created successfully with ID 54
[2023-07-13 12:10:12] Category Maths created successfully with ID 55
[2023-07-13 12:10:12] Category Science created successfully with ID 56
[2023-07-13 12:10:12] Category Grade_10 created successfully with ID 57
[2023-07-13 12:10:12] Category Maths created successfully with ID 58
[2023-07-13 12:10:12] Category Science created successfully with ID 59
[2023-08-14 13:35:06] Category DWB created successfully with ID 72
[2023-08-14 13:35:06] Category AY_2023 created successfully with ID 73
[2023-08-14 13:35:06] Category 1st_Cycle created successfully with ID 74
[2023-08-14 13:35:06] Category Grade_8 created successfully with ID 75
[2023-08-14 13:35:06] Category Maths created successfully with ID 76
[2023-08-14 13:35:06] Category Science created successfully with ID 77
[2023-08-14 13:35:06] Category Grade_9 created successfully with ID 78
[2023-08-14 13:35:06] Category Maths created successfully with ID 79
[2023-08-14 13:35:06] Category Science created successfully with ID 80
[2023-08-14 13:35:06] Category Grade_10 created successfully with ID 81
[2023-08-14 13:35:06] Category Maths created successfully with ID 82
[2023-08-14 13:35:06] Category Science created successfully with ID 83
[2023-08-14 13:46:25] Category DWB created successfully with ID 84
[2023-08-14 16:25:08] Category DWB created successfully with ID 85
[2023-08-14 16:25:08] Category AY_2023 created successfully with ID 86
[2023-08-14 16:25:08] Category 1st_Cycle created successfully with ID 87
[2023-08-14 16:25:08] Category Grade_8 created successfully with ID 88
[2023-08-14 16:25:08] Category Maths created successfully with ID 89
[2023-08-14 16:25:08] Category Science created successfully with ID 90
[2023-08-14 16:25:08] Category Grade_9 created successfully with ID 91
[2023-08-14 16:25:08] Category Maths created successfully with ID 92
[2023-08-14 16:25:08] Category Science created successfully with ID 93
[2023-08-14 16:25:08] Category Grade_10 created successfully with ID 94
[2023-08-14 16:25:08] Category Maths created successfully with ID 95
[2023-08-14 16:25:08] Category Science created successfully with ID 96
[2023-08-16 17:31:08] Category DWB created successfully with ID 57
[2023-08-16 17:31:08] Category AY_2023 created successfully with ID 58
[2023-08-16 17:31:08] Category 1st_Cycle created successfully with ID 59
[2023-08-16 17:31:08] Category Grade_8 created successfully with ID 60
[2023-08-16 17:31:09] Category Maths created successfully with ID 61
[2023-08-16 17:31:09] Category Science created successfully with ID 62
[2023-08-16 17:31:09] Category Grade_9 created successfully with ID 63
[2023-08-16 17:31:09] Category Maths created successfully with ID 64
[2023-08-16 17:31:09] Category Science created successfully with ID 65
[2023-08-16 17:31:09] Category Grade_10 created successfully with ID 66
[2023-08-16 17:31:09] Category Maths created successfully with ID 67
[2023-08-16 17:31:10] Category Science created successfully with ID 68
[2023-08-16 17:41:16] Category DWB created successfully with ID 69
[2023-08-16 17:41:16] Category AY_2023 created successfully with ID 70
[2023-08-16 17:41:16] Category 1st_Cycle created successfully with ID 71
[2023-08-16 17:41:16] Category Grade_8 created successfully with ID 72
[2023-08-16 17:41:16] Category Maths created successfully with ID 73
[2023-08-16 17:41:16] Category Science created successfully with ID 74
[2023-08-16 17:41:16] Category Grade_9 created successfully with ID 75
[2023-08-16 17:41:17] Category Maths created successfully with ID 76
[2023-08-16 17:41:17] Category Science created successfully with ID 77
[2023-08-16 17:41:17] Category Grade_10 created successfully with ID 78
[2023-08-16 17:41:17] Category Maths created successfully with ID 79
[2023-08-16 17:41:17] Category Science created successfully with ID 80
[2023-08-16 18:24:04] Category DWB created successfully with ID 81
[2023-08-16 18:24:04] Category AY_2023 created successfully with ID 82
[2023-08-16 18:24:04] Category 1st_Cycle created successfully with ID 83
[2023-08-16 18:24:04] Category Grade_8 created successfully with ID 84
[2023-08-16 18:24:04] Category Maths created successfully with ID 85
[2023-08-16 18:24:04] Category Science created successfully with ID 86
[2023-08-16 18:24:05] Category Grade_9 created successfully with ID 87
[2023-08-16 18:24:05] Category Maths created successfully with ID 88
[2023-08-16 18:24:05] Category Science created successfully with ID 89
[2023-08-16 18:24:05] Category Grade_10 created successfully with ID 90
[2023-08-16 18:24:05] Category Maths created successfully with ID 91
[2023-08-16 18:24:05] Category Science created successfully with ID 92
